[0.130s] Invoking command in '/mnt/d/Linux/Università/Magistrale/Anno I/robot_programming/RobotProgramming/exercises/rp_03_ros_basics/build/rp_simple_controller': CMAKE_PREFIX_PATH=/opt/ros/jazzy DEBUGINFOD_URLS=https://debuginfod.ubuntu.com /usr/bin/cmake --build /mnt/d/Linux/Università/Magistrale/Anno I/robot_programming/RobotProgramming/exercises/rp_03_ros_basics/build/rp_simple_controller -- -j8 -l8
[1.834s] [100%] Built target turtle_square
[1.941s] Invoked command in '/mnt/d/Linux/Università/Magistrale/Anno I/robot_programming/RobotProgramming/exercises/rp_03_ros_basics/build/rp_simple_controller' returned '0': CMAKE_PREFIX_PATH=/opt/ros/jazzy DEBUGINFOD_URLS=https://debuginfod.ubuntu.com /usr/bin/cmake --build /mnt/d/Linux/Università/Magistrale/Anno I/robot_programming/RobotProgramming/exercises/rp_03_ros_basics/build/rp_simple_controller -- -j8 -l8
[2.104s] Invoking command in '/mnt/d/Linux/Università/Magistrale/Anno I/robot_programming/RobotProgramming/exercises/rp_03_ros_basics/build/rp_simple_controller': CMAKE_PREFIX_PATH=/opt/ros/jazzy DEBUGINFOD_URLS=https://debuginfod.ubuntu.com /usr/bin/cmake --install /mnt/d/Linux/Università/Magistrale/Anno I/robot_programming/RobotProgramming/exercises/rp_03_ros_basics/build/rp_simple_controller
[2.141s] -- Install configuration: ""
[2.285s] -- Up-to-date: /mnt/d/Linux/Università/Magistrale/Anno I/robot_programming/RobotProgramming/exercises/rp_03_ros_basics/install/rp_simple_controller/lib/rp_simple_controller/turtle_square
[2.472s] -- Up-to-date: /mnt/d/Linux/Università/Magistrale/Anno I/robot_programming/RobotProgramming/exercises/rp_03_ros_basics/install/rp_simple_controller/share/ament_index/resource_index/package_run_dependencies/rp_simple_controller
[2.567s] -- Up-to-date: /mnt/d/Linux/Università/Magistrale/Anno I/robot_programming/RobotProgramming/exercises/rp_03_ros_basics/install/rp_simple_controller/share/ament_index/resource_index/parent_prefix_path/rp_simple_controller
[2.641s] -- Up-to-date: /mnt/d/Linux/Università/Magistrale/Anno I/robot_programming/RobotProgramming/exercises/rp_03_ros_basics/install/rp_simple_controller/share/rp_simple_controller/environment/ament_prefix_path.sh
[2.744s] -- Up-to-date: /mnt/d/Linux/Università/Magistrale/Anno I/robot_programming/RobotProgramming/exercises/rp_03_ros_basics/install/rp_simple_controller/share/rp_simple_controller/environment/ament_prefix_path.dsv
[2.824s] -- Up-to-date: /mnt/d/Linux/Università/Magistrale/Anno I/robot_programming/RobotProgramming/exercises/rp_03_ros_basics/install/rp_simple_controller/share/rp_simple_controller/environment/path.sh
[2.929s] -- Up-to-date: /mnt/d/Linux/Università/Magistrale/Anno I/robot_programming/RobotProgramming/exercises/rp_03_ros_basics/install/rp_simple_controller/share/rp_simple_controller/environment/path.dsv
[3.026s] -- Up-to-date: /mnt/d/Linux/Università/Magistrale/Anno I/robot_programming/RobotProgramming/exercises/rp_03_ros_basics/install/rp_simple_controller/share/rp_simple_controller/local_setup.bash
[3.117s] -- Up-to-date: /mnt/d/Linux/Università/Magistrale/Anno I/robot_programming/RobotProgramming/exercises/rp_03_ros_basics/install/rp_simple_controller/share/rp_simple_controller/local_setup.sh
[3.208s] -- Up-to-date: /mnt/d/Linux/Università/Magistrale/Anno I/robot_programming/RobotProgramming/exercises/rp_03_ros_basics/install/rp_simple_controller/share/rp_simple_controller/local_setup.zsh
[3.289s] -- Up-to-date: /mnt/d/Linux/Università/Magistrale/Anno I/robot_programming/RobotProgramming/exercises/rp_03_ros_basics/install/rp_simple_controller/share/rp_simple_controller/local_setup.dsv
[3.349s] -- Installing: /mnt/d/Linux/Università/Magistrale/Anno I/robot_programming/RobotProgramming/exercises/rp_03_ros_basics/install/rp_simple_controller/share/rp_simple_controller/package.dsv
[3.627s] -- Up-to-date: /mnt/d/Linux/Università/Magistrale/Anno I/robot_programming/RobotProgramming/exercises/rp_03_ros_basics/install/rp_simple_controller/share/ament_index/resource_index/packages/rp_simple_controller
[3.721s] -- Up-to-date: /mnt/d/Linux/Università/Magistrale/Anno I/robot_programming/RobotProgramming/exercises/rp_03_ros_basics/install/rp_simple_controller/share/rp_simple_controller/cmake/rp_simple_controllerConfig.cmake
[3.780s] -- Up-to-date: /mnt/d/Linux/Università/Magistrale/Anno I/robot_programming/RobotProgramming/exercises/rp_03_ros_basics/install/rp_simple_controller/share/rp_simple_controller/cmake/rp_simple_controllerConfig-version.cmake
[3.855s] -- Up-to-date: /mnt/d/Linux/Università/Magistrale/Anno I/robot_programming/RobotProgramming/exercises/rp_03_ros_basics/install/rp_simple_controller/share/rp_simple_controller/package.xml
[3.888s] Invoked command in '/mnt/d/Linux/Università/Magistrale/Anno I/robot_programming/RobotProgramming/exercises/rp_03_ros_basics/build/rp_simple_controller' returned '0': CMAKE_PREFIX_PATH=/opt/ros/jazzy DEBUGINFOD_URLS=https://debuginfod.ubuntu.com /usr/bin/cmake --install /mnt/d/Linux/Università/Magistrale/Anno I/robot_programming/RobotProgramming/exercises/rp_03_ros_basics/build/rp_simple_controller
