[0.433s] DEBUG:colcon:Command line arguments: ['/usr/bin/colcon', 'build']
[0.433s] DEBUG:colcon:Parsed command line arguments: Namespace(log_base=None, log_level=None, verb_name='build', build_base='build', install_base='install', merge_install=False, symlink_install=False, test_result_base=None, continue_on_error=False, executor='parallel', parallel_workers=8, event_handlers=None, ignore_user_meta=False, metas=['./colcon.meta'], base_paths=['.'], packages_ignore=None, packages_ignore_regex=None, paths=None, packages_up_to=None, packages_up_to_regex=None, packages_above=None, packages_above_and_dependencies=None, packages_above_depth=None, packages_select_by_dep=None, packages_skip_by_dep=None, packages_skip_up_to=None, packages_select_build_failed=False, packages_skip_build_finished=False, packages_select_test_failures=False, packages_skip_test_passed=False, packages_select=None, packages_skip=None, packages_select_regex=None, packages_skip_regex=None, packages_start=None, packages_end=None, allow_overriding=[], cmake_args=None, cmake_target=None, cmake_target_skip_unavailable=False, cmake_clean_cache=False, cmake_clean_first=False, cmake_force_configure=False, ament_cmake_args=None, catkin_cmake_args=None, catkin_skip_building_tests=False, mixin_files=None, mixin=None, verb_parser=<colcon_mixin.mixin.mixin_argument.MixinArgumentDecorator object at 0x7f51e4161dc0>, verb_extension=<colcon_core.verb.build.BuildVerb object at 0x7f51e41ff470>, main=<bound method BuildVerb.main of <colcon_core.verb.build.BuildVerb object at 0x7f51e41ff470>>, mixin_verb=('build',))
[0.510s] Level 1:colcon.colcon_core.package_discovery:discover_packages(colcon_meta) check parameters
[0.511s] Level 1:colcon.colcon_core.package_discovery:discover_packages(recursive) check parameters
[0.511s] Level 1:colcon.colcon_core.package_discovery:discover_packages(ignore) check parameters
[0.511s] Level 1:colcon.colcon_core.package_discovery:discover_packages(path) check parameters
[0.512s] Level 1:colcon.colcon_core.package_discovery:discover_packages(colcon_meta) discover
[0.512s] Level 1:colcon.colcon_core.package_discovery:discover_packages(recursive) discover
[0.512s] INFO:colcon.colcon_core.package_discovery:Crawling recursively for packages in '/mnt/d/Linux/Università/Magistrale/Anno I/robot_programming/RobotProgramming/exercises/rp_03_ros_basics'
[0.515s] Level 1:colcon.colcon_core.package_identification:_identify(.) by extensions ['ignore', 'ignore_ament_install']
[0.515s] Level 1:colcon.colcon_core.package_identification:_identify(.) by extension 'ignore'
[0.516s] Level 1:colcon.colcon_core.package_identification:_identify(.) by extension 'ignore_ament_install'
[0.517s] Level 1:colcon.colcon_core.package_identification:_identify(.) by extensions ['colcon_pkg']
[0.517s] Level 1:colcon.colcon_core.package_identification:_identify(.) by extension 'colcon_pkg'
[0.518s] Level 1:colcon.colcon_core.package_identification:_identify(.) by extensions ['colcon_meta']
[0.518s] Level 1:colcon.colcon_core.package_identification:_identify(.) by extension 'colcon_meta'
[0.518s] Level 1:colcon.colcon_core.package_identification:_identify(.) by extensions ['ros']
[0.519s] Level 1:colcon.colcon_core.package_identification:_identify(.) by extension 'ros'
[0.562s] Level 1:colcon.colcon_core.package_identification:_identify(.) by extensions ['cmake', 'python']
[0.563s] Level 1:colcon.colcon_core.package_identification:_identify(.) by extension 'cmake'
[0.563s] Level 1:colcon.colcon_core.package_identification:_identify(.) by extension 'python'
[0.564s] Level 1:colcon.colcon_core.package_identification:_identify(.) by extensions ['python_setup_py']
[0.564s] Level 1:colcon.colcon_core.package_identification:_identify(.) by extension 'python_setup_py'
[0.569s] Level 1:colcon.colcon_core.package_identification:_identify(build) by extensions ['ignore', 'ignore_ament_install']
[0.569s] Level 1:colcon.colcon_core.package_identification:_identify(build) by extension 'ignore'
[0.572s] Level 1:colcon.colcon_core.package_identification:_identify(build) ignored
[0.576s] Level 1:colcon.colcon_core.package_identification:_identify(install) by extensions ['ignore', 'ignore_ament_install']
[0.576s] Level 1:colcon.colcon_core.package_identification:_identify(install) by extension 'ignore'
[0.579s] Level 1:colcon.colcon_core.package_identification:_identify(install) ignored
[0.586s] Level 1:colcon.colcon_core.package_identification:_identify(log) by extensions ['ignore', 'ignore_ament_install']
[0.587s] Level 1:colcon.colcon_core.package_identification:_identify(log) by extension 'ignore'
[0.588s] Level 1:colcon.colcon_core.package_identification:_identify(log) ignored
[0.593s] Level 1:colcon.colcon_core.package_identification:_identify(src) by extensions ['ignore', 'ignore_ament_install']
[0.594s] Level 1:colcon.colcon_core.package_identification:_identify(src) by extension 'ignore'
[0.595s] Level 1:colcon.colcon_core.package_identification:_identify(src) by extension 'ignore_ament_install'
[0.598s] Level 1:colcon.colcon_core.package_identification:_identify(src) by extensions ['colcon_pkg']
[0.599s] Level 1:colcon.colcon_core.package_identification:_identify(src) by extension 'colcon_pkg'
[0.600s] Level 1:colcon.colcon_core.package_identification:_identify(src) by extensions ['colcon_meta']
[0.601s] Level 1:colcon.colcon_core.package_identification:_identify(src) by extension 'colcon_meta'
[0.603s] Level 1:colcon.colcon_core.package_identification:_identify(src) by extensions ['ros']
[0.603s] Level 1:colcon.colcon_core.package_identification:_identify(src) by extension 'ros'
[0.610s] Level 1:colcon.colcon_core.package_identification:_identify(src) by extensions ['cmake', 'python']
[0.611s] Level 1:colcon.colcon_core.package_identification:_identify(src) by extension 'cmake'
[0.613s] Level 1:colcon.colcon_core.package_identification:_identify(src) by extension 'python'
[0.615s] Level 1:colcon.colcon_core.package_identification:_identify(src) by extensions ['python_setup_py']
[0.615s] Level 1:colcon.colcon_core.package_identification:_identify(src) by extension 'python_setup_py'
[0.626s] Level 1:colcon.colcon_core.package_identification:_identify(src/rp_simple_controller) by extensions ['ignore', 'ignore_ament_install']
[0.626s] Level 1:colcon.colcon_core.package_identification:_identify(src/rp_simple_controller) by extension 'ignore'
[0.629s] Level 1:colcon.colcon_core.package_identification:_identify(src/rp_simple_controller) by extension 'ignore_ament_install'
[0.635s] Level 1:colcon.colcon_core.package_identification:_identify(src/rp_simple_controller) by extensions ['colcon_pkg']
[0.636s] Level 1:colcon.colcon_core.package_identification:_identify(src/rp_simple_controller) by extension 'colcon_pkg'
[0.638s] Level 1:colcon.colcon_core.package_identification:_identify(src/rp_simple_controller) by extensions ['colcon_meta']
[0.639s] Level 1:colcon.colcon_core.package_identification:_identify(src/rp_simple_controller) by extension 'colcon_meta'
[0.643s] Level 1:colcon.colcon_core.package_identification:_identify(src/rp_simple_controller) by extensions ['ros']
[0.643s] Level 1:colcon.colcon_core.package_identification:_identify(src/rp_simple_controller) by extension 'ros'
[0.674s] DEBUG:colcon.colcon_core.package_identification:Package 'src/rp_simple_controller' with type 'ros.ament_cmake' and name 'rp_simple_controller'
[0.675s] Level 1:colcon.colcon_core.package_discovery:discover_packages(recursive) using defaults
[0.675s] Level 1:colcon.colcon_core.package_discovery:discover_packages(ignore) discover
[0.675s] Level 1:colcon.colcon_core.package_discovery:discover_packages(ignore) using defaults
[0.676s] Level 1:colcon.colcon_core.package_discovery:discover_packages(path) discover
[0.676s] Level 1:colcon.colcon_core.package_discovery:discover_packages(path) using defaults
[0.712s] Level 1:colcon.colcon_core.package_discovery:discover_packages(prefix_path) check parameters
[0.713s] Level 1:colcon.colcon_core.package_discovery:discover_packages(prefix_path) discover
[0.717s] DEBUG:colcon.colcon_installed_package_information.package_discovery:Found 193 installed packages in /opt/ros/jazzy
[0.718s] Level 1:colcon.colcon_core.package_discovery:discover_packages(prefix_path) using defaults
[0.771s] Level 5:colcon.colcon_core.verb:set package 'rp_simple_controller' build argument 'cmake_args' from command line to 'None'
[0.772s] Level 5:colcon.colcon_core.verb:set package 'rp_simple_controller' build argument 'cmake_target' from command line to 'None'
[0.772s] Level 5:colcon.colcon_core.verb:set package 'rp_simple_controller' build argument 'cmake_target_skip_unavailable' from command line to 'False'
[0.773s] Level 5:colcon.colcon_core.verb:set package 'rp_simple_controller' build argument 'cmake_clean_cache' from command line to 'False'
[0.773s] Level 5:colcon.colcon_core.verb:set package 'rp_simple_controller' build argument 'cmake_clean_first' from command line to 'False'
[0.774s] Level 5:colcon.colcon_core.verb:set package 'rp_simple_controller' build argument 'cmake_force_configure' from command line to 'False'
[0.774s] Level 5:colcon.colcon_core.verb:set package 'rp_simple_controller' build argument 'ament_cmake_args' from command line to 'None'
[0.775s] Level 5:colcon.colcon_core.verb:set package 'rp_simple_controller' build argument 'catkin_cmake_args' from command line to 'None'
[0.775s] Level 5:colcon.colcon_core.verb:set package 'rp_simple_controller' build argument 'catkin_skip_building_tests' from command line to 'False'
[0.776s] DEBUG:colcon.colcon_core.verb:Building package 'rp_simple_controller' with the following arguments: {'ament_cmake_args': None, 'build_base': '/mnt/d/Linux/Università/Magistrale/Anno I/robot_programming/RobotProgramming/exercises/rp_03_ros_basics/build/rp_simple_controller', 'catkin_cmake_args': None, 'catkin_skip_building_tests': False, 'cmake_args': None, 'cmake_clean_cache': False, 'cmake_clean_first': False, 'cmake_force_configure': False, 'cmake_target': None, 'cmake_target_skip_unavailable': False, 'install_base': '/mnt/d/Linux/Università/Magistrale/Anno I/robot_programming/RobotProgramming/exercises/rp_03_ros_basics/install/rp_simple_controller', 'merge_install': False, 'path': '/mnt/d/Linux/Università/Magistrale/Anno I/robot_programming/RobotProgramming/exercises/rp_03_ros_basics/src/rp_simple_controller', 'symlink_install': False, 'test_result_base': None}
[0.776s] INFO:colcon.colcon_core.executor:Executing jobs using 'parallel' executor
[0.778s] DEBUG:colcon.colcon_parallel_executor.executor.parallel:run_until_complete
[0.779s] INFO:colcon.colcon_ros.task.ament_cmake.build:Building ROS package in '/mnt/d/Linux/Università/Magistrale/Anno I/robot_programming/RobotProgramming/exercises/rp_03_ros_basics/src/rp_simple_controller' with build type 'ament_cmake'
[0.779s] INFO:colcon.colcon_cmake.task.cmake.build:Building CMake package in '/mnt/d/Linux/Università/Magistrale/Anno I/robot_programming/RobotProgramming/exercises/rp_03_ros_basics/src/rp_simple_controller'
[0.785s] INFO:colcon.colcon_core.plugin_system:Skipping extension 'colcon_core.shell.bat': Not used on non-Windows systems
[0.786s] INFO:colcon.colcon_core.shell:Skip shell extension 'powershell' for command environment: Not usable outside of PowerShell
[0.787s] DEBUG:colcon.colcon_core.shell:Skip shell extension 'dsv' for command environment
[0.908s] DEBUG:colcon.colcon_core.event_handler.log_command:Invoking command in '/mnt/d/Linux/Università/Magistrale/Anno I/robot_programming/RobotProgramming/exercises/rp_03_ros_basics/build/rp_simple_controller': CMAKE_PREFIX_PATH=/opt/ros/jazzy DEBUGINFOD_URLS=https://debuginfod.ubuntu.com /usr/bin/cmake /mnt/d/Linux/Università/Magistrale/Anno I/robot_programming/RobotProgramming/exercises/rp_03_ros_basics/src/rp_simple_controller -DCMAKE_INSTALL_PREFIX=/mnt/d/Linux/Università/Magistrale/Anno I/robot_programming/RobotProgramming/exercises/rp_03_ros_basics/install/rp_simple_controller
[8.245s] DEBUG:colcon.colcon_core.event_handler.log_command:Invoked command in '/mnt/d/Linux/Università/Magistrale/Anno I/robot_programming/RobotProgramming/exercises/rp_03_ros_basics/build/rp_simple_controller' returned '0': CMAKE_PREFIX_PATH=/opt/ros/jazzy DEBUGINFOD_URLS=https://debuginfod.ubuntu.com /usr/bin/cmake /mnt/d/Linux/Università/Magistrale/Anno I/robot_programming/RobotProgramming/exercises/rp_03_ros_basics/src/rp_simple_controller -DCMAKE_INSTALL_PREFIX=/mnt/d/Linux/Università/Magistrale/Anno I/robot_programming/RobotProgramming/exercises/rp_03_ros_basics/install/rp_simple_controller
[8.273s] DEBUG:colcon.colcon_core.event_handler.log_command:Invoking command in '/mnt/d/Linux/Università/Magistrale/Anno I/robot_programming/RobotProgramming/exercises/rp_03_ros_basics/build/rp_simple_controller': CMAKE_PREFIX_PATH=/opt/ros/jazzy DEBUGINFOD_URLS=https://debuginfod.ubuntu.com /usr/bin/cmake --build /mnt/d/Linux/Università/Magistrale/Anno I/robot_programming/RobotProgramming/exercises/rp_03_ros_basics/build/rp_simple_controller -- -j8 -l8
[13.903s] DEBUG:colcon.colcon_core.event_handler.log_command:Invoked command in '/mnt/d/Linux/Università/Magistrale/Anno I/robot_programming/RobotProgramming/exercises/rp_03_ros_basics/build/rp_simple_controller' returned '2': CMAKE_PREFIX_PATH=/opt/ros/jazzy DEBUGINFOD_URLS=https://debuginfod.ubuntu.com /usr/bin/cmake --build /mnt/d/Linux/Università/Magistrale/Anno I/robot_programming/RobotProgramming/exercises/rp_03_ros_basics/build/rp_simple_controller -- -j8 -l8
[13.987s] Level 1:colcon.colcon_core.environment:create_environment_scripts_only(rp_simple_controller)
[13.991s] Level 1:colcon.colcon_core.environment:checking '/mnt/d/Linux/Università/Magistrale/Anno I/robot_programming/RobotProgramming/exercises/rp_03_ros_basics/install/rp_simple_controller' for CMake module files
[14.082s] Level 1:colcon.colcon_core.environment:checking '/mnt/d/Linux/Università/Magistrale/Anno I/robot_programming/RobotProgramming/exercises/rp_03_ros_basics/install/rp_simple_controller' for CMake config files
[14.136s] Level 1:colcon.colcon_core.environment:checking '/mnt/d/Linux/Università/Magistrale/Anno I/robot_programming/RobotProgramming/exercises/rp_03_ros_basics/install/rp_simple_controller/bin'
[14.140s] Level 1:colcon.colcon_core.environment:checking '/mnt/d/Linux/Università/Magistrale/Anno I/robot_programming/RobotProgramming/exercises/rp_03_ros_basics/install/rp_simple_controller/lib/pkgconfig/rp_simple_controller.pc'
[14.143s] Level 1:colcon.colcon_core.environment:checking '/mnt/d/Linux/Università/Magistrale/Anno I/robot_programming/RobotProgramming/exercises/rp_03_ros_basics/install/rp_simple_controller/lib/python3.12/site-packages'
[14.147s] Level 1:colcon.colcon_core.environment:checking '/mnt/d/Linux/Università/Magistrale/Anno I/robot_programming/RobotProgramming/exercises/rp_03_ros_basics/install/rp_simple_controller/bin'
[14.151s] INFO:colcon.colcon_core.shell:Creating package script '/mnt/d/Linux/Università/Magistrale/Anno I/robot_programming/RobotProgramming/exercises/rp_03_ros_basics/install/rp_simple_controller/share/rp_simple_controller/package.ps1'
[14.181s] INFO:colcon.colcon_core.shell:Creating package descriptor '/mnt/d/Linux/Università/Magistrale/Anno I/robot_programming/RobotProgramming/exercises/rp_03_ros_basics/install/rp_simple_controller/share/rp_simple_controller/package.dsv'
[14.223s] INFO:colcon.colcon_core.shell:Creating package script '/mnt/d/Linux/Università/Magistrale/Anno I/robot_programming/RobotProgramming/exercises/rp_03_ros_basics/install/rp_simple_controller/share/rp_simple_controller/package.sh'
[14.279s] INFO:colcon.colcon_core.shell:Creating package script '/mnt/d/Linux/Università/Magistrale/Anno I/robot_programming/RobotProgramming/exercises/rp_03_ros_basics/install/rp_simple_controller/share/rp_simple_controller/package.bash'
[14.336s] INFO:colcon.colcon_core.shell:Creating package script '/mnt/d/Linux/Università/Magistrale/Anno I/robot_programming/RobotProgramming/exercises/rp_03_ros_basics/install/rp_simple_controller/share/rp_simple_controller/package.zsh'
[14.392s] Level 1:colcon.colcon_core.environment:create_file_with_runtime_dependencies(/mnt/d/Linux/Università/Magistrale/Anno I/robot_programming/RobotProgramming/exercises/rp_03_ros_basics/install/rp_simple_controller/share/colcon-core/packages/rp_simple_controller)
[14.445s] DEBUG:colcon.colcon_parallel_executor.executor.parallel:closing loop
[14.446s] DEBUG:colcon.colcon_parallel_executor.executor.parallel:loop closed
[14.446s] DEBUG:colcon.colcon_parallel_executor.executor.parallel:run_until_complete finished with '2'
[14.447s] DEBUG:colcon.colcon_core.event_reactor:joining thread
[14.642s] INFO:colcon.colcon_core.plugin_system:Skipping extension 'colcon_notification.desktop_notification.notify_send': Could not find 'notify-send'
[14.643s] INFO:colcon.colcon_core.plugin_system:Skipping extension 'colcon_notification.desktop_notification.terminal_notifier': Not used on non-Darwin systems
[14.643s] INFO:colcon.colcon_core.plugin_system:Skipping extension 'colcon_notification.desktop_notification.win32': Not used on non-Windows systems
[14.644s] INFO:colcon.colcon_notification.desktop_notification:Sending desktop notification using 'notify2'
[14.653s] DEBUG:colcon.colcon_notification.desktop_notification.notify2:Failed to initialize notify2: org.freedesktop.DBus.Error.ServiceUnknown: The name org.freedesktop.Notifications was not provided by any .service files
[14.654s] DEBUG:colcon.colcon_core.event_reactor:joined thread
[14.655s] INFO:colcon.colcon_core.shell:Creating prefix script '/mnt/d/Linux/Università/Magistrale/Anno I/robot_programming/RobotProgramming/exercises/rp_03_ros_basics/install/local_setup.ps1'
[14.679s] INFO:colcon.colcon_core.shell:Creating prefix util module '/mnt/d/Linux/Università/Magistrale/Anno I/robot_programming/RobotProgramming/exercises/rp_03_ros_basics/install/_local_setup_util_ps1.py'
[14.704s] INFO:colcon.colcon_core.shell:Creating prefix chain script '/mnt/d/Linux/Università/Magistrale/Anno I/robot_programming/RobotProgramming/exercises/rp_03_ros_basics/install/setup.ps1'
[14.727s] INFO:colcon.colcon_core.shell:Creating prefix script '/mnt/d/Linux/Università/Magistrale/Anno I/robot_programming/RobotProgramming/exercises/rp_03_ros_basics/install/local_setup.sh'
[14.751s] INFO:colcon.colcon_core.shell:Creating prefix util module '/mnt/d/Linux/Università/Magistrale/Anno I/robot_programming/RobotProgramming/exercises/rp_03_ros_basics/install/_local_setup_util_sh.py'
[14.773s] INFO:colcon.colcon_core.shell:Creating prefix chain script '/mnt/d/Linux/Università/Magistrale/Anno I/robot_programming/RobotProgramming/exercises/rp_03_ros_basics/install/setup.sh'
[14.794s] INFO:colcon.colcon_core.shell:Creating prefix script '/mnt/d/Linux/Università/Magistrale/Anno I/robot_programming/RobotProgramming/exercises/rp_03_ros_basics/install/local_setup.bash'
[14.815s] INFO:colcon.colcon_core.shell:Creating prefix chain script '/mnt/d/Linux/Università/Magistrale/Anno I/robot_programming/RobotProgramming/exercises/rp_03_ros_basics/install/setup.bash'
[14.840s] INFO:colcon.colcon_core.shell:Creating prefix script '/mnt/d/Linux/Università/Magistrale/Anno I/robot_programming/RobotProgramming/exercises/rp_03_ros_basics/install/local_setup.zsh'
[14.863s] INFO:colcon.colcon_core.shell:Creating prefix chain script '/mnt/d/Linux/Università/Magistrale/Anno I/robot_programming/RobotProgramming/exercises/rp_03_ros_basics/install/setup.zsh'
