[0.546s] DEBUG:colcon:Command line arguments: ['/usr/bin/colcon', 'build']
[0.547s] DEBUG:colcon:Parsed command line arguments: Namespace(log_base=None, log_level=None, verb_name='build', build_base='build', install_base='install', merge_install=False, symlink_install=False, test_result_base=None, continue_on_error=False, executor='parallel', parallel_workers=8, event_handlers=None, ignore_user_meta=False, metas=['./colcon.meta'], base_paths=['.'], packages_ignore=None, packages_ignore_regex=None, paths=None, packages_up_to=None, packages_up_to_regex=None, packages_above=None, packages_above_and_dependencies=None, packages_above_depth=None, packages_select_by_dep=None, packages_skip_by_dep=None, packages_skip_up_to=None, packages_select_build_failed=False, packages_skip_build_finished=False, packages_select_test_failures=False, packages_skip_test_passed=False, packages_select=None, packages_skip=None, packages_select_regex=None, packages_skip_regex=None, packages_start=None, packages_end=None, allow_overriding=[], cmake_args=None, cmake_target=None, cmake_target_skip_unavailable=False, cmake_clean_cache=False, cmake_clean_first=False, cmake_force_configure=False, ament_cmake_args=None, catkin_cmake_args=None, catkin_skip_building_tests=False, mixin_files=None, mixin=None, verb_parser=<colcon_mixin.mixin.mixin_argument.MixinArgumentDecorator object at 0x7f2e8263df70>, verb_extension=<colcon_core.verb.build.BuildVerb object at 0x7f2e8369aea0>, main=<bound method BuildVerb.main of <colcon_core.verb.build.BuildVerb object at 0x7f2e8369aea0>>, mixin_verb=('build',))
[0.658s] Level 1:colcon.colcon_core.package_discovery:discover_packages(colcon_meta) check parameters
[0.659s] Level 1:colcon.colcon_core.package_discovery:discover_packages(recursive) check parameters
[0.660s] Level 1:colcon.colcon_core.package_discovery:discover_packages(ignore) check parameters
[0.660s] Level 1:colcon.colcon_core.package_discovery:discover_packages(path) check parameters
[0.661s] Level 1:colcon.colcon_core.package_discovery:discover_packages(colcon_meta) discover
[0.661s] Level 1:colcon.colcon_core.package_discovery:discover_packages(recursive) discover
[0.662s] INFO:colcon.colcon_core.package_discovery:Crawling recursively for packages in '/mnt/d/Linux/Università/Magistrale/Anno I/robot_programming/RobotProgramming/exercises/rp_03_ros_basics'
[0.666s] Level 1:colcon.colcon_core.package_identification:_identify(.) by extensions ['ignore', 'ignore_ament_install']
[0.667s] Level 1:colcon.colcon_core.package_identification:_identify(.) by extension 'ignore'
[0.668s] Level 1:colcon.colcon_core.package_identification:_identify(.) by extension 'ignore_ament_install'
[0.670s] Level 1:colcon.colcon_core.package_identification:_identify(.) by extensions ['colcon_pkg']
[0.671s] Level 1:colcon.colcon_core.package_identification:_identify(.) by extension 'colcon_pkg'
[0.672s] Level 1:colcon.colcon_core.package_identification:_identify(.) by extensions ['colcon_meta']
[0.672s] Level 1:colcon.colcon_core.package_identification:_identify(.) by extension 'colcon_meta'
[0.673s] Level 1:colcon.colcon_core.package_identification:_identify(.) by extensions ['ros']
[0.673s] Level 1:colcon.colcon_core.package_identification:_identify(.) by extension 'ros'
[0.745s] Level 1:colcon.colcon_core.package_identification:_identify(.) by extensions ['cmake', 'python']
[0.746s] Level 1:colcon.colcon_core.package_identification:_identify(.) by extension 'cmake'
[0.747s] Level 1:colcon.colcon_core.package_identification:_identify(.) by extension 'python'
[0.747s] Level 1:colcon.colcon_core.package_identification:_identify(.) by extensions ['python_setup_py']
[0.748s] Level 1:colcon.colcon_core.package_identification:_identify(.) by extension 'python_setup_py'
[0.755s] Level 1:colcon.colcon_core.package_identification:_identify(build) by extensions ['ignore', 'ignore_ament_install']
[0.756s] Level 1:colcon.colcon_core.package_identification:_identify(build) by extension 'ignore'
[0.759s] Level 1:colcon.colcon_core.package_identification:_identify(build) ignored
[0.766s] Level 1:colcon.colcon_core.package_identification:_identify(install) by extensions ['ignore', 'ignore_ament_install']
[0.766s] Level 1:colcon.colcon_core.package_identification:_identify(install) by extension 'ignore'
[0.769s] Level 1:colcon.colcon_core.package_identification:_identify(install) ignored
[0.786s] Level 1:colcon.colcon_core.package_identification:_identify(log) by extensions ['ignore', 'ignore_ament_install']
[0.787s] Level 1:colcon.colcon_core.package_identification:_identify(log) by extension 'ignore'
[0.791s] Level 1:colcon.colcon_core.package_identification:_identify(log) ignored
[0.803s] Level 1:colcon.colcon_core.package_identification:_identify(src) by extensions ['ignore', 'ignore_ament_install']
[0.804s] Level 1:colcon.colcon_core.package_identification:_identify(src) by extension 'ignore'
[0.808s] Level 1:colcon.colcon_core.package_identification:_identify(src) by extension 'ignore_ament_install'
[0.815s] Level 1:colcon.colcon_core.package_identification:_identify(src) by extensions ['colcon_pkg']
[0.815s] Level 1:colcon.colcon_core.package_identification:_identify(src) by extension 'colcon_pkg'
[0.819s] Level 1:colcon.colcon_core.package_identification:_identify(src) by extensions ['colcon_meta']
[0.820s] Level 1:colcon.colcon_core.package_identification:_identify(src) by extension 'colcon_meta'
[0.824s] Level 1:colcon.colcon_core.package_identification:_identify(src) by extensions ['ros']
[0.825s] Level 1:colcon.colcon_core.package_identification:_identify(src) by extension 'ros'
[0.841s] Level 1:colcon.colcon_core.package_identification:_identify(src) by extensions ['cmake', 'python']
[0.842s] Level 1:colcon.colcon_core.package_identification:_identify(src) by extension 'cmake'
[0.846s] Level 1:colcon.colcon_core.package_identification:_identify(src) by extension 'python'
[0.850s] Level 1:colcon.colcon_core.package_identification:_identify(src) by extensions ['python_setup_py']
[0.851s] Level 1:colcon.colcon_core.package_identification:_identify(src) by extension 'python_setup_py'
[0.873s] Level 1:colcon.colcon_core.package_identification:_identify(src/rp_simple_controller) by extensions ['ignore', 'ignore_ament_install']
[0.873s] Level 1:colcon.colcon_core.package_identification:_identify(src/rp_simple_controller) by extension 'ignore'
[0.878s] Level 1:colcon.colcon_core.package_identification:_identify(src/rp_simple_controller) by extension 'ignore_ament_install'
[0.887s] Level 1:colcon.colcon_core.package_identification:_identify(src/rp_simple_controller) by extensions ['colcon_pkg']
[0.887s] Level 1:colcon.colcon_core.package_identification:_identify(src/rp_simple_controller) by extension 'colcon_pkg'
[0.892s] Level 1:colcon.colcon_core.package_identification:_identify(src/rp_simple_controller) by extensions ['colcon_meta']
[0.893s] Level 1:colcon.colcon_core.package_identification:_identify(src/rp_simple_controller) by extension 'colcon_meta'
[0.900s] Level 1:colcon.colcon_core.package_identification:_identify(src/rp_simple_controller) by extensions ['ros']
[0.900s] Level 1:colcon.colcon_core.package_identification:_identify(src/rp_simple_controller) by extension 'ros'
[0.960s] DEBUG:colcon.colcon_core.package_identification:Package 'src/rp_simple_controller' with type 'ros.ament_cmake' and name 'rp_simple_controller'
[0.961s] Level 1:colcon.colcon_core.package_discovery:discover_packages(recursive) using defaults
[0.962s] Level 1:colcon.colcon_core.package_discovery:discover_packages(ignore) discover
[0.963s] Level 1:colcon.colcon_core.package_discovery:discover_packages(ignore) using defaults
[0.963s] Level 1:colcon.colcon_core.package_discovery:discover_packages(path) discover
[0.964s] Level 1:colcon.colcon_core.package_discovery:discover_packages(path) using defaults
[1.008s] Level 1:colcon.colcon_core.package_discovery:discover_packages(prefix_path) check parameters
[1.008s] Level 1:colcon.colcon_core.package_discovery:discover_packages(prefix_path) discover
[1.011s] DEBUG:colcon.colcon_installed_package_information.package_discovery:Found 193 installed packages in /opt/ros/jazzy
[1.013s] Level 1:colcon.colcon_core.package_discovery:discover_packages(prefix_path) using defaults
[1.062s] Level 5:colcon.colcon_core.verb:set package 'rp_simple_controller' build argument 'cmake_args' from command line to 'None'
[1.062s] Level 5:colcon.colcon_core.verb:set package 'rp_simple_controller' build argument 'cmake_target' from command line to 'None'
[1.063s] Level 5:colcon.colcon_core.verb:set package 'rp_simple_controller' build argument 'cmake_target_skip_unavailable' from command line to 'False'
[1.064s] Level 5:colcon.colcon_core.verb:set package 'rp_simple_controller' build argument 'cmake_clean_cache' from command line to 'False'
[1.065s] Level 5:colcon.colcon_core.verb:set package 'rp_simple_controller' build argument 'cmake_clean_first' from command line to 'False'
[1.065s] Level 5:colcon.colcon_core.verb:set package 'rp_simple_controller' build argument 'cmake_force_configure' from command line to 'False'
[1.066s] Level 5:colcon.colcon_core.verb:set package 'rp_simple_controller' build argument 'ament_cmake_args' from command line to 'None'
[1.067s] Level 5:colcon.colcon_core.verb:set package 'rp_simple_controller' build argument 'catkin_cmake_args' from command line to 'None'
[1.068s] Level 5:colcon.colcon_core.verb:set package 'rp_simple_controller' build argument 'catkin_skip_building_tests' from command line to 'False'
[1.068s] DEBUG:colcon.colcon_core.verb:Building package 'rp_simple_controller' with the following arguments: {'ament_cmake_args': None, 'build_base': '/mnt/d/Linux/Università/Magistrale/Anno I/robot_programming/RobotProgramming/exercises/rp_03_ros_basics/build/rp_simple_controller', 'catkin_cmake_args': None, 'catkin_skip_building_tests': False, 'cmake_args': None, 'cmake_clean_cache': False, 'cmake_clean_first': False, 'cmake_force_configure': False, 'cmake_target': None, 'cmake_target_skip_unavailable': False, 'install_base': '/mnt/d/Linux/Università/Magistrale/Anno I/robot_programming/RobotProgramming/exercises/rp_03_ros_basics/install/rp_simple_controller', 'merge_install': False, 'path': '/mnt/d/Linux/Università/Magistrale/Anno I/robot_programming/RobotProgramming/exercises/rp_03_ros_basics/src/rp_simple_controller', 'symlink_install': False, 'test_result_base': None}
[1.069s] INFO:colcon.colcon_core.executor:Executing jobs using 'parallel' executor
[1.072s] DEBUG:colcon.colcon_parallel_executor.executor.parallel:run_until_complete
[1.073s] INFO:colcon.colcon_ros.task.ament_cmake.build:Building ROS package in '/mnt/d/Linux/Università/Magistrale/Anno I/robot_programming/RobotProgramming/exercises/rp_03_ros_basics/src/rp_simple_controller' with build type 'ament_cmake'
[1.074s] INFO:colcon.colcon_cmake.task.cmake.build:Building CMake package in '/mnt/d/Linux/Università/Magistrale/Anno I/robot_programming/RobotProgramming/exercises/rp_03_ros_basics/src/rp_simple_controller'
[1.081s] INFO:colcon.colcon_core.plugin_system:Skipping extension 'colcon_core.shell.bat': Not used on non-Windows systems
[1.082s] INFO:colcon.colcon_core.shell:Skip shell extension 'powershell' for command environment: Not usable outside of PowerShell
[1.083s] DEBUG:colcon.colcon_core.shell:Skip shell extension 'dsv' for command environment
[1.250s] DEBUG:colcon.colcon_core.event_handler.log_command:Invoking command in '/mnt/d/Linux/Università/Magistrale/Anno I/robot_programming/RobotProgramming/exercises/rp_03_ros_basics/build/rp_simple_controller': CMAKE_PREFIX_PATH=/opt/ros/jazzy DEBUGINFOD_URLS=https://debuginfod.ubuntu.com /usr/bin/cmake --build /mnt/d/Linux/Università/Magistrale/Anno I/robot_programming/RobotProgramming/exercises/rp_03_ros_basics/build/rp_simple_controller -- -j8 -l8
[21.999s] DEBUG:colcon.colcon_core.event_handler.log_command:Invoked command in '/mnt/d/Linux/Università/Magistrale/Anno I/robot_programming/RobotProgramming/exercises/rp_03_ros_basics/build/rp_simple_controller' returned '0': CMAKE_PREFIX_PATH=/opt/ros/jazzy DEBUGINFOD_URLS=https://debuginfod.ubuntu.com /usr/bin/cmake --build /mnt/d/Linux/Università/Magistrale/Anno I/robot_programming/RobotProgramming/exercises/rp_03_ros_basics/build/rp_simple_controller -- -j8 -l8
[22.132s] DEBUG:colcon.colcon_core.event_handler.log_command:Invoking command in '/mnt/d/Linux/Università/Magistrale/Anno I/robot_programming/RobotProgramming/exercises/rp_03_ros_basics/build/rp_simple_controller': CMAKE_PREFIX_PATH=/opt/ros/jazzy DEBUGINFOD_URLS=https://debuginfod.ubuntu.com /usr/bin/cmake --install /mnt/d/Linux/Università/Magistrale/Anno I/robot_programming/RobotProgramming/exercises/rp_03_ros_basics/build/rp_simple_controller
[27.057s] Level 1:colcon.colcon_core.environment:create_environment_scripts_only(rp_simple_controller)
[27.060s] DEBUG:colcon.colcon_core.event_handler.log_command:Invoked command in '/mnt/d/Linux/Università/Magistrale/Anno I/robot_programming/RobotProgramming/exercises/rp_03_ros_basics/build/rp_simple_controller' returned '0': CMAKE_PREFIX_PATH=/opt/ros/jazzy DEBUGINFOD_URLS=https://debuginfod.ubuntu.com /usr/bin/cmake --install /mnt/d/Linux/Università/Magistrale/Anno I/robot_programming/RobotProgramming/exercises/rp_03_ros_basics/build/rp_simple_controller
[27.063s] Level 1:colcon.colcon_core.environment:checking '/mnt/d/Linux/Università/Magistrale/Anno I/robot_programming/RobotProgramming/exercises/rp_03_ros_basics/install/rp_simple_controller' for CMake module files
[27.375s] Level 1:colcon.colcon_core.environment:checking '/mnt/d/Linux/Università/Magistrale/Anno I/robot_programming/RobotProgramming/exercises/rp_03_ros_basics/install/rp_simple_controller' for CMake config files
[27.587s] Level 1:colcon.colcon_core.shell:create_environment_hook('rp_simple_controller', 'cmake_prefix_path')
[27.588s] INFO:colcon.colcon_core.shell:Creating environment hook '/mnt/d/Linux/Università/Magistrale/Anno I/robot_programming/RobotProgramming/exercises/rp_03_ros_basics/install/rp_simple_controller/share/rp_simple_controller/hook/cmake_prefix_path.ps1'
[27.626s] INFO:colcon.colcon_core.shell:Creating environment descriptor '/mnt/d/Linux/Università/Magistrale/Anno I/robot_programming/RobotProgramming/exercises/rp_03_ros_basics/install/rp_simple_controller/share/rp_simple_controller/hook/cmake_prefix_path.dsv'
[27.674s] INFO:colcon.colcon_core.shell:Creating environment hook '/mnt/d/Linux/Università/Magistrale/Anno I/robot_programming/RobotProgramming/exercises/rp_03_ros_basics/install/rp_simple_controller/share/rp_simple_controller/hook/cmake_prefix_path.sh'
[27.731s] Level 1:colcon.colcon_core.environment:checking '/mnt/d/Linux/Università/Magistrale/Anno I/robot_programming/RobotProgramming/exercises/rp_03_ros_basics/install/rp_simple_controller/lib'
[27.745s] Level 1:colcon.colcon_core.environment:checking '/mnt/d/Linux/Università/Magistrale/Anno I/robot_programming/RobotProgramming/exercises/rp_03_ros_basics/install/rp_simple_controller/bin'
[27.749s] Level 1:colcon.colcon_core.environment:checking '/mnt/d/Linux/Università/Magistrale/Anno I/robot_programming/RobotProgramming/exercises/rp_03_ros_basics/install/rp_simple_controller/lib/pkgconfig/rp_simple_controller.pc'
[27.756s] Level 1:colcon.colcon_core.environment:checking '/mnt/d/Linux/Università/Magistrale/Anno I/robot_programming/RobotProgramming/exercises/rp_03_ros_basics/install/rp_simple_controller/lib/python3.12/site-packages'
[27.763s] Level 1:colcon.colcon_core.environment:checking '/mnt/d/Linux/Università/Magistrale/Anno I/robot_programming/RobotProgramming/exercises/rp_03_ros_basics/install/rp_simple_controller/bin'
[27.768s] INFO:colcon.colcon_core.shell:Creating package script '/mnt/d/Linux/Università/Magistrale/Anno I/robot_programming/RobotProgramming/exercises/rp_03_ros_basics/install/rp_simple_controller/share/rp_simple_controller/package.ps1'
[27.809s] INFO:colcon.colcon_core.shell:Creating package descriptor '/mnt/d/Linux/Università/Magistrale/Anno I/robot_programming/RobotProgramming/exercises/rp_03_ros_basics/install/rp_simple_controller/share/rp_simple_controller/package.dsv'
[27.847s] INFO:colcon.colcon_core.shell:Creating package script '/mnt/d/Linux/Università/Magistrale/Anno I/robot_programming/RobotProgramming/exercises/rp_03_ros_basics/install/rp_simple_controller/share/rp_simple_controller/package.sh'
[27.886s] INFO:colcon.colcon_core.shell:Creating package script '/mnt/d/Linux/Università/Magistrale/Anno I/robot_programming/RobotProgramming/exercises/rp_03_ros_basics/install/rp_simple_controller/share/rp_simple_controller/package.bash'
[27.924s] INFO:colcon.colcon_core.shell:Creating package script '/mnt/d/Linux/Università/Magistrale/Anno I/robot_programming/RobotProgramming/exercises/rp_03_ros_basics/install/rp_simple_controller/share/rp_simple_controller/package.zsh'
[27.962s] Level 1:colcon.colcon_core.environment:create_file_with_runtime_dependencies(/mnt/d/Linux/Università/Magistrale/Anno I/robot_programming/RobotProgramming/exercises/rp_03_ros_basics/install/rp_simple_controller/share/colcon-core/packages/rp_simple_controller)
[28.100s] Level 1:colcon.colcon_core.environment:create_environment_scripts_only(rp_simple_controller)
[28.101s] Level 1:colcon.colcon_core.environment:checking '/mnt/d/Linux/Università/Magistrale/Anno I/robot_programming/RobotProgramming/exercises/rp_03_ros_basics/install/rp_simple_controller' for CMake module files
[28.422s] Level 1:colcon.colcon_core.environment:checking '/mnt/d/Linux/Università/Magistrale/Anno I/robot_programming/RobotProgramming/exercises/rp_03_ros_basics/install/rp_simple_controller' for CMake config files
[28.684s] Level 1:colcon.colcon_core.shell:create_environment_hook('rp_simple_controller', 'cmake_prefix_path')
[28.685s] INFO:colcon.colcon_core.shell:Creating environment hook '/mnt/d/Linux/Università/Magistrale/Anno I/robot_programming/RobotProgramming/exercises/rp_03_ros_basics/install/rp_simple_controller/share/rp_simple_controller/hook/cmake_prefix_path.ps1'
[28.749s] INFO:colcon.colcon_core.shell:Creating environment descriptor '/mnt/d/Linux/Università/Magistrale/Anno I/robot_programming/RobotProgramming/exercises/rp_03_ros_basics/install/rp_simple_controller/share/rp_simple_controller/hook/cmake_prefix_path.dsv'
[28.815s] INFO:colcon.colcon_core.shell:Creating environment hook '/mnt/d/Linux/Università/Magistrale/Anno I/robot_programming/RobotProgramming/exercises/rp_03_ros_basics/install/rp_simple_controller/share/rp_simple_controller/hook/cmake_prefix_path.sh'
[28.881s] Level 1:colcon.colcon_core.environment:checking '/mnt/d/Linux/Università/Magistrale/Anno I/robot_programming/RobotProgramming/exercises/rp_03_ros_basics/install/rp_simple_controller/lib'
[28.896s] Level 1:colcon.colcon_core.environment:checking '/mnt/d/Linux/Università/Magistrale/Anno I/robot_programming/RobotProgramming/exercises/rp_03_ros_basics/install/rp_simple_controller/bin'
[28.900s] Level 1:colcon.colcon_core.environment:checking '/mnt/d/Linux/Università/Magistrale/Anno I/robot_programming/RobotProgramming/exercises/rp_03_ros_basics/install/rp_simple_controller/lib/pkgconfig/rp_simple_controller.pc'
[28.906s] Level 1:colcon.colcon_core.environment:checking '/mnt/d/Linux/Università/Magistrale/Anno I/robot_programming/RobotProgramming/exercises/rp_03_ros_basics/install/rp_simple_controller/lib/python3.12/site-packages'
[28.913s] Level 1:colcon.colcon_core.environment:checking '/mnt/d/Linux/Università/Magistrale/Anno I/robot_programming/RobotProgramming/exercises/rp_03_ros_basics/install/rp_simple_controller/bin'
[28.917s] INFO:colcon.colcon_core.shell:Creating package script '/mnt/d/Linux/Università/Magistrale/Anno I/robot_programming/RobotProgramming/exercises/rp_03_ros_basics/install/rp_simple_controller/share/rp_simple_controller/package.ps1'
[28.957s] INFO:colcon.colcon_core.shell:Creating package descriptor '/mnt/d/Linux/Università/Magistrale/Anno I/robot_programming/RobotProgramming/exercises/rp_03_ros_basics/install/rp_simple_controller/share/rp_simple_controller/package.dsv'
[28.988s] INFO:colcon.colcon_core.shell:Creating package script '/mnt/d/Linux/Università/Magistrale/Anno I/robot_programming/RobotProgramming/exercises/rp_03_ros_basics/install/rp_simple_controller/share/rp_simple_controller/package.sh'
[29.021s] INFO:colcon.colcon_core.shell:Creating package script '/mnt/d/Linux/Università/Magistrale/Anno I/robot_programming/RobotProgramming/exercises/rp_03_ros_basics/install/rp_simple_controller/share/rp_simple_controller/package.bash'
[29.057s] INFO:colcon.colcon_core.shell:Creating package script '/mnt/d/Linux/Università/Magistrale/Anno I/robot_programming/RobotProgramming/exercises/rp_03_ros_basics/install/rp_simple_controller/share/rp_simple_controller/package.zsh'
[29.096s] Level 1:colcon.colcon_core.environment:create_file_with_runtime_dependencies(/mnt/d/Linux/Università/Magistrale/Anno I/robot_programming/RobotProgramming/exercises/rp_03_ros_basics/install/rp_simple_controller/share/colcon-core/packages/rp_simple_controller)
[29.123s] DEBUG:colcon.colcon_parallel_executor.executor.parallel:closing loop
[29.123s] DEBUG:colcon.colcon_parallel_executor.executor.parallel:loop closed
[29.124s] DEBUG:colcon.colcon_parallel_executor.executor.parallel:run_until_complete finished with '0'
[29.124s] DEBUG:colcon.colcon_core.event_reactor:joining thread
[29.284s] INFO:colcon.colcon_core.plugin_system:Skipping extension 'colcon_notification.desktop_notification.notify_send': Could not find 'notify-send'
[29.284s] INFO:colcon.colcon_core.plugin_system:Skipping extension 'colcon_notification.desktop_notification.terminal_notifier': Not used on non-Darwin systems
[29.285s] INFO:colcon.colcon_core.plugin_system:Skipping extension 'colcon_notification.desktop_notification.win32': Not used on non-Windows systems
[29.286s] INFO:colcon.colcon_notification.desktop_notification:Sending desktop notification using 'notify2'
[29.295s] DEBUG:colcon.colcon_notification.desktop_notification.notify2:Failed to initialize notify2: org.freedesktop.DBus.Error.ServiceUnknown: The name org.freedesktop.Notifications was not provided by any .service files
[29.296s] DEBUG:colcon.colcon_core.event_reactor:joined thread
[29.297s] INFO:colcon.colcon_core.shell:Creating prefix script '/mnt/d/Linux/Università/Magistrale/Anno I/robot_programming/RobotProgramming/exercises/rp_03_ros_basics/install/local_setup.ps1'
[29.313s] INFO:colcon.colcon_core.shell:Creating prefix util module '/mnt/d/Linux/Università/Magistrale/Anno I/robot_programming/RobotProgramming/exercises/rp_03_ros_basics/install/_local_setup_util_ps1.py'
[29.329s] INFO:colcon.colcon_core.shell:Creating prefix chain script '/mnt/d/Linux/Università/Magistrale/Anno I/robot_programming/RobotProgramming/exercises/rp_03_ros_basics/install/setup.ps1'
[29.347s] INFO:colcon.colcon_core.shell:Creating prefix script '/mnt/d/Linux/Università/Magistrale/Anno I/robot_programming/RobotProgramming/exercises/rp_03_ros_basics/install/local_setup.sh'
[29.363s] INFO:colcon.colcon_core.shell:Creating prefix util module '/mnt/d/Linux/Università/Magistrale/Anno I/robot_programming/RobotProgramming/exercises/rp_03_ros_basics/install/_local_setup_util_sh.py'
[29.378s] INFO:colcon.colcon_core.shell:Creating prefix chain script '/mnt/d/Linux/Università/Magistrale/Anno I/robot_programming/RobotProgramming/exercises/rp_03_ros_basics/install/setup.sh'
[29.394s] INFO:colcon.colcon_core.shell:Creating prefix script '/mnt/d/Linux/Università/Magistrale/Anno I/robot_programming/RobotProgramming/exercises/rp_03_ros_basics/install/local_setup.bash'
[29.411s] INFO:colcon.colcon_core.shell:Creating prefix chain script '/mnt/d/Linux/Università/Magistrale/Anno I/robot_programming/RobotProgramming/exercises/rp_03_ros_basics/install/setup.bash'
[29.428s] INFO:colcon.colcon_core.shell:Creating prefix script '/mnt/d/Linux/Università/Magistrale/Anno I/robot_programming/RobotProgramming/exercises/rp_03_ros_basics/install/local_setup.zsh'
[29.444s] INFO:colcon.colcon_core.shell:Creating prefix chain script '/mnt/d/Linux/Università/Magistrale/Anno I/robot_programming/RobotProgramming/exercises/rp_03_ros_basics/install/setup.zsh'
