[0.541s] DEBUG:colcon:Command line arguments: ['/usr/bin/colcon', 'build']
[0.542s] DEBUG:colcon:Parsed command line arguments: Namespace(log_base=None, log_level=None, verb_name='build', build_base='build', install_base='install', merge_install=False, symlink_install=False, test_result_base=None, continue_on_error=False, executor='parallel', parallel_workers=8, event_handlers=None, ignore_user_meta=False, metas=['./colcon.meta'], base_paths=['.'], packages_ignore=None, packages_ignore_regex=None, paths=None, packages_up_to=None, packages_up_to_regex=None, packages_above=None, packages_above_and_dependencies=None, packages_above_depth=None, packages_select_by_dep=None, packages_skip_by_dep=None, packages_skip_up_to=None, packages_select_build_failed=False, packages_skip_build_finished=False, packages_select_test_failures=False, packages_skip_test_passed=False, packages_select=None, packages_skip=None, packages_select_regex=None, packages_skip_regex=None, packages_start=None, packages_end=None, allow_overriding=[], cmake_args=None, cmake_target=None, cmake_target_skip_unavailable=False, cmake_clean_cache=False, cmake_clean_first=False, cmake_force_configure=False, ament_cmake_args=None, catkin_cmake_args=None, catkin_skip_building_tests=False, mixin_files=None, mixin=None, verb_parser=<colcon_mixin.mixin.mixin_argument.MixinArgumentDecorator object at 0x7f38a7801e20>, verb_extension=<colcon_core.verb.build.BuildVerb object at 0x7f38a844a8a0>, main=<bound method BuildVerb.main of <colcon_core.verb.build.BuildVerb object at 0x7f38a844a8a0>>, mixin_verb=('build',))
[0.659s] Level 1:colcon.colcon_core.package_discovery:discover_packages(colcon_meta) check parameters
[0.660s] Level 1:colcon.colcon_core.package_discovery:discover_packages(recursive) check parameters
[0.661s] Level 1:colcon.colcon_core.package_discovery:discover_packages(ignore) check parameters
[0.661s] Level 1:colcon.colcon_core.package_discovery:discover_packages(path) check parameters
[0.662s] Level 1:colcon.colcon_core.package_discovery:discover_packages(colcon_meta) discover
[0.663s] Level 1:colcon.colcon_core.package_discovery:discover_packages(recursive) discover
[0.663s] INFO:colcon.colcon_core.package_discovery:Crawling recursively for packages in '/mnt/d/Linux/Università/Magistrale/Anno I/robot_programming/RobotProgramming/exercises/rp_03_ros_basics'
[0.667s] Level 1:colcon.colcon_core.package_identification:_identify(.) by extensions ['ignore', 'ignore_ament_install']
[0.668s] Level 1:colcon.colcon_core.package_identification:_identify(.) by extension 'ignore'
[0.669s] Level 1:colcon.colcon_core.package_identification:_identify(.) by extension 'ignore_ament_install'
[0.670s] Level 1:colcon.colcon_core.package_identification:_identify(.) by extensions ['colcon_pkg']
[0.670s] Level 1:colcon.colcon_core.package_identification:_identify(.) by extension 'colcon_pkg'
[0.671s] Level 1:colcon.colcon_core.package_identification:_identify(.) by extensions ['colcon_meta']
[0.672s] Level 1:colcon.colcon_core.package_identification:_identify(.) by extension 'colcon_meta'
[0.672s] Level 1:colcon.colcon_core.package_identification:_identify(.) by extensions ['ros']
[0.673s] Level 1:colcon.colcon_core.package_identification:_identify(.) by extension 'ros'
[0.701s] Level 1:colcon.colcon_core.package_identification:_identify(.) by extensions ['cmake', 'python']
[0.702s] Level 1:colcon.colcon_core.package_identification:_identify(.) by extension 'cmake'
[0.703s] Level 1:colcon.colcon_core.package_identification:_identify(.) by extension 'python'
[0.704s] Level 1:colcon.colcon_core.package_identification:_identify(.) by extensions ['python_setup_py']
[0.705s] Level 1:colcon.colcon_core.package_identification:_identify(.) by extension 'python_setup_py'
[0.712s] Level 1:colcon.colcon_core.package_identification:_identify(build) by extensions ['ignore', 'ignore_ament_install']
[0.713s] Level 1:colcon.colcon_core.package_identification:_identify(build) by extension 'ignore'
[0.716s] Level 1:colcon.colcon_core.package_identification:_identify(build) ignored
[0.722s] Level 1:colcon.colcon_core.package_identification:_identify(install) by extensions ['ignore', 'ignore_ament_install']
[0.722s] Level 1:colcon.colcon_core.package_identification:_identify(install) by extension 'ignore'
[0.726s] Level 1:colcon.colcon_core.package_identification:_identify(install) ignored
[0.744s] Level 1:colcon.colcon_core.package_identification:_identify(log) by extensions ['ignore', 'ignore_ament_install']
[0.745s] Level 1:colcon.colcon_core.package_identification:_identify(log) by extension 'ignore'
[0.748s] Level 1:colcon.colcon_core.package_identification:_identify(log) ignored
[0.758s] Level 1:colcon.colcon_core.package_identification:_identify(src) by extensions ['ignore', 'ignore_ament_install']
[0.759s] Level 1:colcon.colcon_core.package_identification:_identify(src) by extension 'ignore'
[0.763s] Level 1:colcon.colcon_core.package_identification:_identify(src) by extension 'ignore_ament_install'
[0.769s] Level 1:colcon.colcon_core.package_identification:_identify(src) by extensions ['colcon_pkg']
[0.770s] Level 1:colcon.colcon_core.package_identification:_identify(src) by extension 'colcon_pkg'
[0.774s] Level 1:colcon.colcon_core.package_identification:_identify(src) by extensions ['colcon_meta']
[0.775s] Level 1:colcon.colcon_core.package_identification:_identify(src) by extension 'colcon_meta'
[0.778s] Level 1:colcon.colcon_core.package_identification:_identify(src) by extensions ['ros']
[0.779s] Level 1:colcon.colcon_core.package_identification:_identify(src) by extension 'ros'
[0.795s] Level 1:colcon.colcon_core.package_identification:_identify(src) by extensions ['cmake', 'python']
[0.795s] Level 1:colcon.colcon_core.package_identification:_identify(src) by extension 'cmake'
[0.799s] Level 1:colcon.colcon_core.package_identification:_identify(src) by extension 'python'
[0.803s] Level 1:colcon.colcon_core.package_identification:_identify(src) by extensions ['python_setup_py']
[0.803s] Level 1:colcon.colcon_core.package_identification:_identify(src) by extension 'python_setup_py'
[0.822s] Level 1:colcon.colcon_core.package_identification:_identify(src/rp_simple_controller) by extensions ['ignore', 'ignore_ament_install']
[0.823s] Level 1:colcon.colcon_core.package_identification:_identify(src/rp_simple_controller) by extension 'ignore'
[0.829s] Level 1:colcon.colcon_core.package_identification:_identify(src/rp_simple_controller) by extension 'ignore_ament_install'
[0.840s] Level 1:colcon.colcon_core.package_identification:_identify(src/rp_simple_controller) by extensions ['colcon_pkg']
[0.841s] Level 1:colcon.colcon_core.package_identification:_identify(src/rp_simple_controller) by extension 'colcon_pkg'
[0.846s] Level 1:colcon.colcon_core.package_identification:_identify(src/rp_simple_controller) by extensions ['colcon_meta']
[0.847s] Level 1:colcon.colcon_core.package_identification:_identify(src/rp_simple_controller) by extension 'colcon_meta'
[0.856s] Level 1:colcon.colcon_core.package_identification:_identify(src/rp_simple_controller) by extensions ['ros']
[0.857s] Level 1:colcon.colcon_core.package_identification:_identify(src/rp_simple_controller) by extension 'ros'
[0.922s] DEBUG:colcon.colcon_core.package_identification:Package 'src/rp_simple_controller' with type 'ros.ament_cmake' and name 'rp_simple_controller'
[0.923s] Level 1:colcon.colcon_core.package_discovery:discover_packages(recursive) using defaults
[0.924s] Level 1:colcon.colcon_core.package_discovery:discover_packages(ignore) discover
[0.924s] Level 1:colcon.colcon_core.package_discovery:discover_packages(ignore) using defaults
[0.925s] Level 1:colcon.colcon_core.package_discovery:discover_packages(path) discover
[0.926s] Level 1:colcon.colcon_core.package_discovery:discover_packages(path) using defaults
[0.971s] Level 1:colcon.colcon_core.package_discovery:discover_packages(prefix_path) check parameters
[0.971s] Level 1:colcon.colcon_core.package_discovery:discover_packages(prefix_path) discover
[0.976s] DEBUG:colcon.colcon_installed_package_information.package_discovery:Found 193 installed packages in /opt/ros/jazzy
[0.978s] Level 1:colcon.colcon_core.package_discovery:discover_packages(prefix_path) using defaults
[1.036s] Level 5:colcon.colcon_core.verb:set package 'rp_simple_controller' build argument 'cmake_args' from command line to 'None'
[1.036s] Level 5:colcon.colcon_core.verb:set package 'rp_simple_controller' build argument 'cmake_target' from command line to 'None'
[1.037s] Level 5:colcon.colcon_core.verb:set package 'rp_simple_controller' build argument 'cmake_target_skip_unavailable' from command line to 'False'
[1.037s] Level 5:colcon.colcon_core.verb:set package 'rp_simple_controller' build argument 'cmake_clean_cache' from command line to 'False'
[1.038s] Level 5:colcon.colcon_core.verb:set package 'rp_simple_controller' build argument 'cmake_clean_first' from command line to 'False'
[1.039s] Level 5:colcon.colcon_core.verb:set package 'rp_simple_controller' build argument 'cmake_force_configure' from command line to 'False'
[1.039s] Level 5:colcon.colcon_core.verb:set package 'rp_simple_controller' build argument 'ament_cmake_args' from command line to 'None'
[1.040s] Level 5:colcon.colcon_core.verb:set package 'rp_simple_controller' build argument 'catkin_cmake_args' from command line to 'None'
[1.040s] Level 5:colcon.colcon_core.verb:set package 'rp_simple_controller' build argument 'catkin_skip_building_tests' from command line to 'False'
[1.040s] DEBUG:colcon.colcon_core.verb:Building package 'rp_simple_controller' with the following arguments: {'ament_cmake_args': None, 'build_base': '/mnt/d/Linux/Università/Magistrale/Anno I/robot_programming/RobotProgramming/exercises/rp_03_ros_basics/build/rp_simple_controller', 'catkin_cmake_args': None, 'catkin_skip_building_tests': False, 'cmake_args': None, 'cmake_clean_cache': False, 'cmake_clean_first': False, 'cmake_force_configure': False, 'cmake_target': None, 'cmake_target_skip_unavailable': False, 'install_base': '/mnt/d/Linux/Università/Magistrale/Anno I/robot_programming/RobotProgramming/exercises/rp_03_ros_basics/install/rp_simple_controller', 'merge_install': False, 'path': '/mnt/d/Linux/Università/Magistrale/Anno I/robot_programming/RobotProgramming/exercises/rp_03_ros_basics/src/rp_simple_controller', 'symlink_install': False, 'test_result_base': None}
[1.041s] INFO:colcon.colcon_core.executor:Executing jobs using 'parallel' executor
[1.043s] DEBUG:colcon.colcon_parallel_executor.executor.parallel:run_until_complete
[1.043s] INFO:colcon.colcon_ros.task.ament_cmake.build:Building ROS package in '/mnt/d/Linux/Università/Magistrale/Anno I/robot_programming/RobotProgramming/exercises/rp_03_ros_basics/src/rp_simple_controller' with build type 'ament_cmake'
[1.044s] INFO:colcon.colcon_cmake.task.cmake.build:Building CMake package in '/mnt/d/Linux/Università/Magistrale/Anno I/robot_programming/RobotProgramming/exercises/rp_03_ros_basics/src/rp_simple_controller'
[1.047s] INFO:colcon.colcon_core.plugin_system:Skipping extension 'colcon_core.shell.bat': Not used on non-Windows systems
[1.048s] INFO:colcon.colcon_core.shell:Skip shell extension 'powershell' for command environment: Not usable outside of PowerShell
[1.048s] DEBUG:colcon.colcon_core.shell:Skip shell extension 'dsv' for command environment
[1.226s] DEBUG:colcon.colcon_core.event_handler.log_command:Invoking command in '/mnt/d/Linux/Università/Magistrale/Anno I/robot_programming/RobotProgramming/exercises/rp_03_ros_basics/build/rp_simple_controller': CMAKE_PREFIX_PATH=/opt/ros/jazzy DEBUGINFOD_URLS=https://debuginfod.ubuntu.com /usr/bin/cmake --build /mnt/d/Linux/Università/Magistrale/Anno I/robot_programming/RobotProgramming/exercises/rp_03_ros_basics/build/rp_simple_controller -- -j8 -l8
[7.905s] DEBUG:colcon.colcon_core.event_handler.log_command:Invoked command in '/mnt/d/Linux/Università/Magistrale/Anno I/robot_programming/RobotProgramming/exercises/rp_03_ros_basics/build/rp_simple_controller' returned '2': CMAKE_PREFIX_PATH=/opt/ros/jazzy DEBUGINFOD_URLS=https://debuginfod.ubuntu.com /usr/bin/cmake --build /mnt/d/Linux/Università/Magistrale/Anno I/robot_programming/RobotProgramming/exercises/rp_03_ros_basics/build/rp_simple_controller -- -j8 -l8
[8.000s] Level 1:colcon.colcon_core.environment:create_environment_scripts_only(rp_simple_controller)
[8.006s] Level 1:colcon.colcon_core.environment:checking '/mnt/d/Linux/Università/Magistrale/Anno I/robot_programming/RobotProgramming/exercises/rp_03_ros_basics/install/rp_simple_controller' for CMake module files
[8.202s] Level 1:colcon.colcon_core.environment:checking '/mnt/d/Linux/Università/Magistrale/Anno I/robot_programming/RobotProgramming/exercises/rp_03_ros_basics/install/rp_simple_controller' for CMake config files
[8.320s] Level 1:colcon.colcon_core.environment:checking '/mnt/d/Linux/Università/Magistrale/Anno I/robot_programming/RobotProgramming/exercises/rp_03_ros_basics/install/rp_simple_controller/bin'
[8.324s] Level 1:colcon.colcon_core.environment:checking '/mnt/d/Linux/Università/Magistrale/Anno I/robot_programming/RobotProgramming/exercises/rp_03_ros_basics/install/rp_simple_controller/lib/pkgconfig/rp_simple_controller.pc'
[8.328s] Level 1:colcon.colcon_core.environment:checking '/mnt/d/Linux/Università/Magistrale/Anno I/robot_programming/RobotProgramming/exercises/rp_03_ros_basics/install/rp_simple_controller/lib/python3.12/site-packages'
[8.331s] Level 1:colcon.colcon_core.environment:checking '/mnt/d/Linux/Università/Magistrale/Anno I/robot_programming/RobotProgramming/exercises/rp_03_ros_basics/install/rp_simple_controller/bin'
[8.334s] INFO:colcon.colcon_core.shell:Creating package script '/mnt/d/Linux/Università/Magistrale/Anno I/robot_programming/RobotProgramming/exercises/rp_03_ros_basics/install/rp_simple_controller/share/rp_simple_controller/package.ps1'
[8.389s] INFO:colcon.colcon_core.shell:Creating package descriptor '/mnt/d/Linux/Università/Magistrale/Anno I/robot_programming/RobotProgramming/exercises/rp_03_ros_basics/install/rp_simple_controller/share/rp_simple_controller/package.dsv'
[8.426s] INFO:colcon.colcon_core.shell:Creating package script '/mnt/d/Linux/Università/Magistrale/Anno I/robot_programming/RobotProgramming/exercises/rp_03_ros_basics/install/rp_simple_controller/share/rp_simple_controller/package.sh'
[8.460s] INFO:colcon.colcon_core.shell:Creating package script '/mnt/d/Linux/Università/Magistrale/Anno I/robot_programming/RobotProgramming/exercises/rp_03_ros_basics/install/rp_simple_controller/share/rp_simple_controller/package.bash'
[8.501s] INFO:colcon.colcon_core.shell:Creating package script '/mnt/d/Linux/Università/Magistrale/Anno I/robot_programming/RobotProgramming/exercises/rp_03_ros_basics/install/rp_simple_controller/share/rp_simple_controller/package.zsh'
[8.551s] Level 1:colcon.colcon_core.environment:create_file_with_runtime_dependencies(/mnt/d/Linux/Università/Magistrale/Anno I/robot_programming/RobotProgramming/exercises/rp_03_ros_basics/install/rp_simple_controller/share/colcon-core/packages/rp_simple_controller)
[8.604s] DEBUG:colcon.colcon_parallel_executor.executor.parallel:closing loop
[8.605s] DEBUG:colcon.colcon_parallel_executor.executor.parallel:loop closed
[8.606s] DEBUG:colcon.colcon_parallel_executor.executor.parallel:run_until_complete finished with '2'
[8.606s] DEBUG:colcon.colcon_core.event_reactor:joining thread
[8.861s] INFO:colcon.colcon_core.plugin_system:Skipping extension 'colcon_notification.desktop_notification.notify_send': Could not find 'notify-send'
[8.862s] INFO:colcon.colcon_core.plugin_system:Skipping extension 'colcon_notification.desktop_notification.terminal_notifier': Not used on non-Darwin systems
[8.863s] INFO:colcon.colcon_core.plugin_system:Skipping extension 'colcon_notification.desktop_notification.win32': Not used on non-Windows systems
[8.864s] INFO:colcon.colcon_notification.desktop_notification:Sending desktop notification using 'notify2'
[8.878s] DEBUG:colcon.colcon_notification.desktop_notification.notify2:Failed to initialize notify2: org.freedesktop.DBus.Error.ServiceUnknown: The name org.freedesktop.Notifications was not provided by any .service files
[8.880s] DEBUG:colcon.colcon_core.event_reactor:joined thread
[8.881s] INFO:colcon.colcon_core.shell:Creating prefix script '/mnt/d/Linux/Università/Magistrale/Anno I/robot_programming/RobotProgramming/exercises/rp_03_ros_basics/install/local_setup.ps1'
[8.905s] INFO:colcon.colcon_core.shell:Creating prefix util module '/mnt/d/Linux/Università/Magistrale/Anno I/robot_programming/RobotProgramming/exercises/rp_03_ros_basics/install/_local_setup_util_ps1.py'
[8.930s] INFO:colcon.colcon_core.shell:Creating prefix chain script '/mnt/d/Linux/Università/Magistrale/Anno I/robot_programming/RobotProgramming/exercises/rp_03_ros_basics/install/setup.ps1'
[8.954s] INFO:colcon.colcon_core.shell:Creating prefix script '/mnt/d/Linux/Università/Magistrale/Anno I/robot_programming/RobotProgramming/exercises/rp_03_ros_basics/install/local_setup.sh'
[8.978s] INFO:colcon.colcon_core.shell:Creating prefix util module '/mnt/d/Linux/Università/Magistrale/Anno I/robot_programming/RobotProgramming/exercises/rp_03_ros_basics/install/_local_setup_util_sh.py'
[9.001s] INFO:colcon.colcon_core.shell:Creating prefix chain script '/mnt/d/Linux/Università/Magistrale/Anno I/robot_programming/RobotProgramming/exercises/rp_03_ros_basics/install/setup.sh'
[9.024s] INFO:colcon.colcon_core.shell:Creating prefix script '/mnt/d/Linux/Università/Magistrale/Anno I/robot_programming/RobotProgramming/exercises/rp_03_ros_basics/install/local_setup.bash'
[9.046s] INFO:colcon.colcon_core.shell:Creating prefix chain script '/mnt/d/Linux/Università/Magistrale/Anno I/robot_programming/RobotProgramming/exercises/rp_03_ros_basics/install/setup.bash'
[9.067s] INFO:colcon.colcon_core.shell:Creating prefix script '/mnt/d/Linux/Università/Magistrale/Anno I/robot_programming/RobotProgramming/exercises/rp_03_ros_basics/install/local_setup.zsh'
[9.082s] INFO:colcon.colcon_core.shell:Creating prefix chain script '/mnt/d/Linux/Università/Magistrale/Anno I/robot_programming/RobotProgramming/exercises/rp_03_ros_basics/install/setup.zsh'
